Kursach/crossUI/android/build/outputs/logs/manifest-merger-debug-report.txt
-- Merging decision tree log ---
manifest
ADDED from crossUI/android/AndroidManifest.xml:2:1-26:12
	package
		ADDED from crossUI/android/AndroidManifest.xml:3:5-35
		INJECTED from crossUI/android/AndroidManifest.xml
		INJECTED from crossUI/android/AndroidManifest.xml
	android:versionName
		ADDED from crossUI/android/AndroidManifest.xml:5:5-30
		INJECTED from crossUI/android/AndroidManifest.xml
		INJECTED from crossUI/android/AndroidManifest.xml
	android:versionCode
		ADDED from crossUI/android/AndroidManifest.xml:4:5-28
		INJECTED from crossUI/android/AndroidManifest.xml
		INJECTED from crossUI/android/AndroidManifest.xml
	xmlns:android
		ADDED from crossUI/android/AndroidManifest.xml:2:11-69
uses-sdk
ADDED from crossUI/android/AndroidManifest.xml:7:5-74
MERGED from [de.tomgrill.gdxdialogs:gdx-dialogs-android:1.2.0] AndroidManifest.xml:5:5-7:41
	android:targetSdkVersion
		ADDED from crossUI/android/AndroidManifest.xml:7:42-71
		INJECTED from crossUI/android/AndroidManifest.xml
		INJECTED from crossUI/android/AndroidManifest.xml
	android:minSdkVersion
		ADDED from crossUI/android/AndroidManifest.xml:7:15-41
		INJECTED from crossUI/android/AndroidManifest.xml
		INJECTED from crossUI/android/AndroidManifest.xml
uses-permission#android.permission.INTERNET
ADDED from crossUI/android/AndroidManifest.xml:8:5-67
	android:name
		ADDED from crossUI/android/AndroidManifest.xml:8:22-64
application
ADDED from crossUI/android/AndroidManifest.xml:10:5-25:19
MERGED from [de.tomgrill.gdxdialogs:gdx-dialogs-android:1.2.0] AndroidManifest.xml:9:5-20
	android:label
		ADDED from crossUI/android/AndroidManifest.xml:13:9-41
	android:allowBackup
		ADDED from crossUI/android/AndroidManifest.xml:11:9-35
	android:icon
		ADDED from crossUI/android/AndroidManifest.xml:12:9-45
	android:theme
		ADDED from crossUI/android/AndroidManifest.xml:14:9-40
activity#medvedev.lettercrush.AndroidLauncher
ADDED from crossUI/android/AndroidManifest.xml:15:9-24:20
	android:screenOrientation
		ADDED from crossUI/android/AndroidManifest.xml:18:13-49
	android:label
		ADDED from crossUI/android/AndroidManifest.xml:17:13-45
	android:configChanges
		ADDED from crossUI/android/AndroidManifest.xml:19:13-83
	android:name
		ADDED from crossUI/android/AndroidManifest.xml:16:13-43
intent-filter#android.intent.action.MAIN+android.intent.category.LAUNCHER
ADDED from crossUI/android/AndroidManifest.xml:20:13-23:29
action#android.intent.action.MAIN
ADDED from crossUI/android/AndroidManifest.xml:21:17-69
	android:name
		ADDED from crossUI/android/AndroidManifest.xml:21:25-66
category#android.intent.category.LAUNCHER
ADDED from crossUI/android/AndroidManifest.xml:22:17-77
	android:name
		ADDED from crossUI/android/AndroidManifest.xml:22:27-74